<?xml version="1.0" encoding="UTF-8"?>
<testsuite xmlns:xsi="http://www.w3.org/2001/XMLSchema-instance" xsi:noNamespaceSchemaLocation="https://maven.apache.org/surefire/maven-surefire-plugin/xsd/surefire-test-report-3.0.xsd" version="3.0" name="com.company.employee.EmployeeDAOTest" time="1.938" tests="4" errors="0" skipped="0" failures="0">
  <properties>
[...]
</properties>
  <testcase name="testUpdateSalaryByRange" classname="com.company.employee.EmployeeDAOTest" time="0.239"/>
  <testcase name="testInsertFindUpdate" classname="com.company.employee.EmployeeDAOTest" time="0.112"/>
  <testcase name="testReports" classname="com.company.employee.EmployeeDAOTest" time="0.101"/>
  <testcase name="testFindBySSNAndName" classname="com.company.employee.EmployeeDAOTest" time="0.114"/>
</testsuite>